13:54:48.660 [main] INFO  org.testng.internal.Utils - [Utils] MethodGroupsHelper.sortMethods() took 0 ms.
13:54:48.667 [main] INFO  org.testng.internal.Utils - [Utils] MethodGroupsHelper.collectMethodsByGroup() took 0 ms.
13:54:48.667 [main] INFO  org.testng.internal.Utils - [Utils] MethodGroupsHelper.sortMethods() took 0 ms.
13:54:48.670 [main] INFO  org.testng.internal.Utils - [Utils] MethodGroupsHelper.collectMethodsByGroup() took 0 ms.
13:54:48.670 [main] INFO  org.testng.internal.Utils - [Utils] MethodGroupsHelper.sortMethods() took 0 ms.
13:54:48.671 [main] INFO  org.testng.internal.Utils - [Utils] MethodGroupsHelper.collectMethodsByGroup() took 0 ms.
13:54:48.671 [main] INFO  org.testng.internal.Utils - [Utils] MethodGroupsHelper.sortMethods() took 0 ms.
13:54:48.683 [main] INFO  org.testng.internal.Utils - [Utils] MethodGroupsHelper.collectMethodsByGroup() took 0 ms.
13:54:48.683 [main] INFO  org.testng.internal.Utils - [Utils] MethodGroupsHelper.sortMethods() took 0 ms.
13:54:48.684 [main] INFO  org.testng.internal.Utils - [Utils] MethodGroupsHelper.collectMethodsByGroup() took 0 ms.
13:54:48.684 [main] INFO  org.testng.internal.Utils - [Utils] MethodGroupsHelper.sortMethods() took 0 ms.
13:54:48.686 [main] INFO  org.testng.internal.Utils - [Utils] MethodGroupsHelper.collectMethodsByGroup() took 1 ms.
13:54:48.688 [main] INFO  org.testng.internal.Utils - [Utils] MethodGroupsHelper.sortMethods() took 0 ms.
13:54:48.690 [main] INFO  org.testng.internal.Utils - [Utils] MethodGroupsHelper.collectMethodsByGroup() took 0 ms.
13:54:48.690 [main] INFO  org.testng.internal.Utils - [Utils] MethodGroupsHelper.sortMethods() took 0 ms.
13:54:48.691 [main] INFO  org.testng.internal.Utils - [Utils] MethodGroupsHelper.collectMethodsByGroup() took 0 ms.
13:54:48.691 [main] INFO  org.testng.internal.Utils - [Utils] MethodGroupsHelper.sortMethods() took 0 ms.
13:54:48.703 [main] INFO  org.testng.internal.Utils - [TestNG] Running:
  C:\Users\Lenovo\AppData\Local\Temp\testng-eclipse-487399778\testng-customsuite.xml

13:54:48.731 [main] INFO  org.testng.internal.Utils - [Utils] DynamicGraphHelper.createDynamicGraph() took 6 ms.
13:54:52.727 [main] INFO  testCases.TC001_AccountResgistrationTest - ********* Starting TC001_AccountResgistrationTest **********
13:54:56.293 [main] INFO  org.testng.internal.Utils - [TestNG] Time taken by org.testng.reporters.jq.Main@3b569985: 112 ms
13:54:56.317 [main] INFO  org.testng.internal.Utils - [TestNG] Time taken by org.testng.reporters.FailedReporter@388b401d: 22 ms
13:54:56.333 [main] INFO  org.testng.internal.Utils - [TestNG] Time taken by org.testng.reporters.XMLReporter@78faea5f: 15 ms
13:54:56.351 [main] INFO  org.testng.internal.Utils - [TestNG] Time taken by org.testng.reporters.EmailableReporter2@543e593: 18 ms
13:54:56.363 [main] INFO  org.testng.internal.Utils - [TestNG] Time taken by org.testng.reporters.JUnitReportReporter@a64e035: 12 ms
13:54:56.363 [main] INFO  org.testng.internal.Utils - [TestNG] Time taken by org.testng.internal.ExitCodeListener@4d74c3ba: 0 ms
14:06:16.447 [main] INFO  org.testng.internal.Utils - [TestNG] Running:
  D:\Software Testing\My Workspace\OpencartSDET2025\master.xml

14:06:21.287 [main] INFO  testCases.TC001_AccountResgistrationTest - ********* Starting TC001_AccountResgistrationTest **********
14:06:42.646 [main] INFO  org.testng.internal.Utils - [TestNG] Running:
  D:\Software Testing\My Workspace\OpencartSDET2025\master.xml

14:06:48.345 [main] INFO  testCases.TC001_AccountResgistrationTest - ********* Starting TC001_AccountResgistrationTest **********
14:08:10.363 [main] INFO  org.testng.internal.Utils - [TestNG] Running:
  D:\Software Testing\My Workspace\OpencartSDET2025\master.xml

14:08:14.867 [main] INFO  testCases.TC001_AccountResgistrationTest - ********* Starting TC001_AccountResgistrationTest **********
14:09:01.419 [main] INFO  org.testng.internal.Utils - [TestNG] Running:
  D:\Software Testing\My Workspace\OpencartSDET2025\master.xml

14:09:05.806 [main] INFO  testCases.TC001_AccountResgistrationTest - ********* Starting TC001_AccountResgistrationTest **********
14:09:09.389 [main] INFO  testCases.TC001_AccountResgistrationTest - ********* Finished TC001_AccountResgistrationTest **********
14:10:12.037 [main] INFO  org.testng.internal.Utils - [TestNG] Running:
  D:\Software Testing\My Workspace\OpencartSDET2025\master.xml

14:11:04.387 [main] INFO  org.testng.internal.Utils - [TestNG] Running:
  D:\Software Testing\My Workspace\OpencartSDET2025\master.xml

14:11:09.839 [main] INFO  testCases.TC001_AccountResgistrationTest - ********* Starting TC001_AccountResgistrationTest **********
14:11:12.034 [main] INFO  testCases.TC001_AccountResgistrationTest - ********* Finished TC001_AccountResgistrationTest **********
14:11:23.633 [main] INFO  org.testng.internal.Utils - [TestNG] Running:
  D:\Software Testing\My Workspace\OpencartSDET2025\master.xml

14:11:28.972 [main] INFO  testCases.TC001_AccountResgistrationTest - ********* Starting TC001_AccountResgistrationTest **********
