19:20:50.827 [main] INFO  testCases.TC002_LoginTest - ***** Starting TC_002_LoginTest *****
19:20:55.179 [main] INFO  testCases.TC002_LoginTest - ***** Finished TC_002_LoginTest *****
18:54:02.783 [main] INFO  org.testng.internal.Utils - [TestNG] Running:
  D:\Software Testing\My Workspace\OpencartSDET2025\master.xml

18:54:08.461 [main] INFO  testCases.TC001_AccountResgistrationTest - ********* Starting TC001_AccountResgistrationTest **********
18:54:10.637 [main] INFO  testCases.TC001_AccountResgistrationTest - ********* Finished TC001_AccountResgistrationTest **********
18:54:12.398 [main] INFO  testCases.TC002_LoginTest - ***** Starting TC_002_LoginTest *****
18:54:17.097 [main] INFO  testCases.TC002_LoginTest - ***** Finished TC_002_LoginTest *****
18:54:45.573 [main] INFO  org.testng.internal.Utils - [TestNG] Running:
  D:\Software Testing\My Workspace\OpencartSDET2025\master.xml

18:54:47.868 [main] INFO  testCases.TC001_AccountResgistrationTest - ********* Starting TC001_AccountResgistrationTest **********
18:54:50.068 [main] INFO  testCases.TC001_AccountResgistrationTest - ********* Finished TC001_AccountResgistrationTest **********
18:54:51.839 [main] INFO  testCases.TC002_LoginTest - ***** Starting TC_002_LoginTest *****
18:54:55.763 [main] INFO  testCases.TC002_LoginTest - ***** Finished TC_002_LoginTest *****
18:55:38.537 [main] INFO  org.testng.internal.Utils - [TestNG] Running:
  D:\Software Testing\My Workspace\OpencartSDET2025\master.xml

18:55:41.233 [main] INFO  testCases.TC001_AccountResgistrationTest - ********* Starting TC001_AccountResgistrationTest **********
18:55:43.431 [main] INFO  testCases.TC001_AccountResgistrationTest - ********* Finished TC001_AccountResgistrationTest **********
18:55:45.325 [main] INFO  testCases.TC002_LoginTest - ***** Starting TC_002_LoginTest *****
18:55:49.458 [main] INFO  testCases.TC002_LoginTest - ***** Finished TC_002_LoginTest *****
18:56:53.938 [main] INFO  org.testng.internal.Utils - [TestNG] Running:
  D:\Software Testing\My Workspace\OpencartSDET2025\crossbrowsertesting.xml

18:56:58.451 [TestNG-tests-1] INFO  testCases.TC001_AccountResgistrationTest - ********* Starting TC001_AccountResgistrationTest **********
18:57:02.214 [TestNG-tests-1] INFO  testCases.TC001_AccountResgistrationTest - ********* Finished TC001_AccountResgistrationTest **********
18:57:10.424 [TestNG-tests-3] INFO  testCases.TC001_AccountResgistrationTest - ********* Starting TC001_AccountResgistrationTest **********
18:57:12.530 [TestNG-tests-3] INFO  testCases.TC001_AccountResgistrationTest - ********* Finished TC001_AccountResgistrationTest **********
18:58:58.540 [main] INFO  org.testng.internal.Utils - [TestNG] Running:
  D:\Software Testing\My Workspace\OpencartSDET2025\crossbrowsertesting.xml

18:59:02.695 [TestNG-tests-3] INFO  testCases.TC001_AccountResgistrationTest - ********* Starting TC001_AccountResgistrationTest **********
18:59:02.695 [TestNG-tests-1] INFO  testCases.TC001_AccountResgistrationTest - ********* Starting TC001_AccountResgistrationTest **********
18:59:06.941 [TestNG-tests-2] INFO  testCases.TC001_AccountResgistrationTest - ********* Starting TC001_AccountResgistrationTest **********
18:59:08.901 [TestNG-tests-2] INFO  testCases.TC001_AccountResgistrationTest - ********* Finished TC001_AccountResgistrationTest **********
19:00:52.099 [main] INFO  org.testng.internal.Utils - [TestNG] Running:
  D:\Software Testing\My Workspace\OpencartSDET2025\crossbrowsertesting.xml

19:00:54.430 [TestNG-tests-1] INFO  testCases.TC001_AccountResgistrationTest - ********* Starting TC001_AccountResgistrationTest **********
19:00:56.893 [TestNG-tests-3] INFO  testCases.TC001_AccountResgistrationTest - ********* Starting TC001_AccountResgistrationTest **********
18:44:35.725 [main] INFO  org.testng.internal.Utils - [TestNG] Running:
  D:\Software Testing\My Workspace\OpencartSDET2025\grid-docker.xml

18:44:45.056 [main] INFO  testCases.TC001_AccountResgistrationTest - ********* Starting TC001_AccountResgistrationTest **********
18:44:48.130 [main] INFO  testCases.TC001_AccountResgistrationTest - ********* Finished TC001_AccountResgistrationTest **********
18:44:51.964 [main] INFO  testCases.TC002_LoginTest - ***** Starting TC_002_LoginTest *****
18:44:57.579 [main] INFO  testCases.TC002_LoginTest - ***** Finished TC_002_LoginTest *****
18:46:48.562 [main] INFO  org.testng.internal.Utils - [TestNG] Running:
  D:\Software Testing\My Workspace\OpencartSDET2025\grid-docker.xml

18:46:52.238 [main] INFO  testCases.TC001_AccountResgistrationTest - ********* Starting TC001_AccountResgistrationTest **********
18:46:55.443 [main] INFO  testCases.TC001_AccountResgistrationTest - ********* Finished TC001_AccountResgistrationTest **********
18:46:59.082 [main] INFO  testCases.TC002_LoginTest - ***** Starting TC_002_LoginTest *****
18:47:04.303 [main] INFO  testCases.TC002_LoginTest - ***** Finished TC_002_LoginTest *****
18:47:19.466 [main] INFO  testCases.TC002_LoginTest - ***** Starting TC_002_LoginTest *****
